Using pre-set license
Built from '2022.3/staging' branch; Version is '2022.3.22f1 (887be4894c44) revision 8944612'; Using compiler version '192829333'; Build Type 'Release'
OS: 'Windows 11  (10.0.22631) 64bit Enterprise' Language: 'en' Physical Memory: 16068 MB
BatchMode: 1, IsHumanControllingUs: 0, StartBugReporterOnCrash: 0, Is64bit: 1, IsPro: 1

COMMAND LINE ARGUMENTS:
C:\Program Files\Unity\Hub\Editor\2022.3.22f1\Editor\Unity.exe
-adb2
-batchMode
-noUpm
-name
AssetImportWorker0
-projectPath
C:/Users/MeganPena/Downloads/Unity24.25/unity/My project
-logFile
Logs/AssetImportWorker0.log
-srvPort
63378
Successfully changed project path to: C:/Users/MeganPena/Downloads/Unity24.25/unity/My project
C:/Users/MeganPena/Downloads/Unity24.25/unity/My project
[UnityMemory] Configuration Parameters - Can be set up in boot.config
    "memorysetup-bucket-allocator-granularity=16"
    "memorysetup-bucket-allocator-bucket-count=8"
    "memorysetup-bucket-allocator-block-size=33554432"
    "memorysetup-bucket-allocator-block-count=8"
    "memorysetup-main-allocator-block-size=16777216"
    "memorysetup-thread-allocator-block-size=16777216"
    "memorysetup-gfx-main-allocator-block-size=16777216"
    "memorysetup-gfx-thread-allocator-block-size=16777216"
    "memorysetup-cache-allocator-block-size=4194304"
    "memorysetup-typetree-allocator-block-size=2097152"
    "memorysetup-profiler-bucket-allocator-granularity=16"
    "memorysetup-profiler-bucket-allocator-bucket-count=8"
    "memorysetup-profiler-bucket-allocator-block-size=33554432"
    "memorysetup-profiler-bucket-allocator-block-count=8"
    "memorysetup-profiler-allocator-block-size=16777216"
    "memorysetup-profiler-editor-allocator-block-size=1048576"
    "memorysetup-temp-allocator-size-main=16777216"
    "memorysetup-job-temp-allocator-block-size=2097152"
    "memorysetup-job-temp-allocator-block-size-background=1048576"
    "memorysetup-job-temp-allocator-reduction-small-platforms=262144"
    "memorysetup-allocator-temp-initial-block-size-main=262144"
    "memorysetup-allocator-temp-initial-block-size-worker=262144"
    "memorysetup-temp-allocator-size-background-worker=32768"
    "memorysetup-temp-allocator-size-job-worker=262144"
    "memorysetup-temp-allocator-size-preload-manager=33554432"
    "memorysetup-temp-allocator-size-nav-mesh-worker=65536"
    "memorysetup-temp-allocator-size-audio-worker=65536"
    "memorysetup-temp-allocator-size-cloud-worker=32768"
    "memorysetup-temp-allocator-size-gi-baking-worker=262144"
    "memorysetup-temp-allocator-size-gfx=262144"
Player connection [14996] Host "[IP] 10.51.30.181 [Port] 0 [Flags] 2 [Guid] 4286268282 [EditorId] 4286268282 [Version] 1048832 [Id] WindowsEditor(7,SD-9QRLKS3) [Debug] 1 [PackageName] WindowsEditor [ProjectName] Editor" joined multi-casting on [225.0.0.222:54997]...

Player connection [14996] Host "[IP] 10.51.30.181 [Port] 0 [Flags] 2 [Guid] 4286268282 [EditorId] 4286268282 [Version] 1048832 [Id] WindowsEditor(7,SD-9QRLKS3) [Debug] 1 [PackageName] WindowsEditor [ProjectName] Editor" joined alternative multi-casting on [225.0.0.222:34997]...

[Physics::Module] Initialized MultithreadedJobDispatcher with 7 workers.
Refreshing native plugins compatible for Editor in 10.75 ms, found 3 plugins.
Preloading 0 native plugins for Editor in 0.00 ms.
Initialize engine version: 2022.3.22f1 (887be4894c44)
[Subsystems] Discovering subsystems at path C:/Program Files/Unity/Hub/Editor/2022.3.22f1/Editor/Data/Resources/UnitySubsystems
[Subsystems] Discovering subsystems at path C:/Users/MeganPena/Downloads/Unity24.25/unity/My project/Assets
GfxDevice: creating device client; threaded=0; jobified=0
Direct3D:
    Version:  Direct3D 11.0 [level 11.1]
    Renderer: Intel(R) UHD Graphics (ID=0xa7a9)
    Vendor:   Intel
    VRAM:     8034 MB
    Driver:   31.0.101.5382
Initialize mono
Mono path[0] = 'C:/Program Files/Unity/Hub/Editor/2022.3.22f1/Editor/Data/Managed'
Mono path[1] = 'C:/Program Files/Unity/Hub/Editor/2022.3.22f1/Editor/Data/MonoBleedingEdge/lib/mono/unityjit-win32'
Mono config path = 'C:/Program Files/Unity/Hub/Editor/2022.3.22f1/Editor/Data/MonoBleedingEdge/etc'
Using monoOptions --debugger-agent=transport=dt_socket,embedding=1,server=y,suspend=n,address=127.0.0.1:56204
Begin MonoManager ReloadAssembly
Registering precompiled unity dll's ...
Register platform support module: C:/Program Files/Unity/Hub/Editor/2022.3.22f1/Editor/Data/PlaybackEngines/WebGLSupport/UnityEditor.WebGL.Extensions.dll
Register platform support module: C:/Program Files/Unity/Hub/Editor/2022.3.22f1/Editor/Data/PlaybackEngines/WindowsStandaloneSupport/UnityEditor.WindowsStandalone.Extensions.dll
Registered in 0.008151 seconds.
- Loaded All Assemblies, in  0.441 seconds
Native extension for WindowsStandalone target not found
Native extension for WebGL target not found
Mono: successfully reloaded assembly
- Finished resetting the current domain, in  0.309 seconds
Domain Reload Profiling: 750ms
	BeginReloadAssembly (133ms)
		ExecutionOrderSort (0ms)
		DisableScriptedObjects (0ms)
		BackupInstance (0ms)
		ReleaseScriptingObjects (0ms)
		CreateAndSetChildDomain (1ms)
	RebuildCommonClasses (42ms)
	RebuildNativeTypeToScriptingClass (12ms)
	initialDomainReloadingComplete (75ms)
	LoadAllAssembliesAndSetupDomain (177ms)
		LoadAssemblies (131ms)
		RebuildTransferFunctionScriptingTraits (0ms)
		AnalyzeDomain (175ms)
			TypeCache.Refresh (173ms)
				TypeCache.ScanAssembly (159ms)
			ScanForSourceGeneratedMonoScriptInfo (0ms)
			ResolveRequiredComponents (1ms)
	FinalizeReload (310ms)
		ReleaseScriptCaches (0ms)
		RebuildScriptCaches (0ms)
		SetupLoadedEditorAssemblies (235ms)
			LogAssemblyErrors (0ms)
			InitializePlatformSupportModulesInManaged (11ms)
			SetLoadedEditorAssemblies (8ms)
			RefreshPlugins (0ms)
			BeforeProcessingInitializeOnLoad (3ms)
			ProcessInitializeOnLoadAttributes (162ms)
			ProcessInitializeOnLoadMethodAttributes (52ms)
			AfterProcessingInitializeOnLoad (0ms)
			EditorAssembliesLoaded (0ms)
		ExecutionOrderSort2 (0ms)
		AwakeInstancesAfterBackupRestoration (0ms)
========================================================================
Worker process is ready to serve import requests
Begin MonoManager ReloadAssembly
- Loaded All Assemblies, in  0.748 seconds
Refreshing native plugins compatible for Editor in 2.92 ms, found 3 plugins.
Native extension for WindowsStandalone target not found
Native extension for WebGL target not found
Package Manager log level set to [2]
[Package Manager] Server::EnsureServerProcessIsRunning -- launch failed, reason: Unity was launched with the -noUpm command-line argument
[Package Manager] UpmClient::Send -- Unable to send message (not connected to UPM process).
[Package Manager] Cannot connect to Unity Package Manager local server
Mono: successfully reloaded assembly
- Finished resetting the current domain, in  0.731 seconds
Domain Reload Profiling: 1477ms
	BeginReloadAssembly (204ms)
		ExecutionOrderSort (0ms)
		DisableScriptedObjects (6ms)
		BackupInstance (0ms)
		ReleaseScriptingObjects (0ms)
		CreateAndSetChildDomain (27ms)
	RebuildCommonClasses (37ms)
	RebuildNativeTypeToScriptingClass (9ms)
	initialDomainReloadingComplete (55ms)
	LoadAllAssembliesAndSetupDomain (441ms)
		LoadAssemblies (347ms)
		RebuildTransferFunctionScriptingTraits (0ms)
		AnalyzeDomain (204ms)
			TypeCache.Refresh (179ms)
				TypeCache.ScanAssembly (164ms)
			ScanForSourceGeneratedMonoScriptInfo (20ms)
			ResolveRequiredComponents (4ms)
	FinalizeReload (731ms)
		ReleaseScriptCaches (0ms)
		RebuildScriptCaches (0ms)
		SetupLoadedEditorAssemblies (549ms)
			LogAssemblyErrors (0ms)
			InitializePlatformSupportModulesInManaged (9ms)
			SetLoadedEditorAssemblies (5ms)
			RefreshPlugins (0ms)
			BeforeProcessingInitializeOnLoad (64ms)
			ProcessInitializeOnLoadAttributes (449ms)
			ProcessInitializeOnLoadMethodAttributes (17ms)
			AfterProcessingInitializeOnLoad (5ms)
			EditorAssembliesLoaded (0ms)
		ExecutionOrderSort2 (0ms)
		AwakeInstancesAfterBackupRestoration (5ms)
Launched and connected shader compiler UnityShaderCompiler.exe after 0.16 seconds
Refreshing native plugins compatible for Editor in 1.97 ms, found 3 plugins.
Preloading 0 native plugins for Editor in 0.00 ms.
Unloading 3097 Unused Serialized files (Serialized files now loaded: 0)
Unloading 32 unused Assets / (57.0 KB). Loaded Objects now: 3558.
Memory consumption went from 121.2 MB to 121.2 MB.
Total: 2.244500 ms (FindLiveObjects: 0.191700 ms CreateObjectMapping: 0.052800 ms MarkObjects: 1.906400 ms  DeleteObjects: 0.092300 ms)

AssetImportParameters requested are different than current active one (requested -> active):
  custom:container-demuxer-ogg: 62fdf1f143b41e24485cea50d1cbac27 -> 
  custom:video-codec-MediaFoundation-h265: 746d11721c4dcdbdad8f713fa42b33f4 -> 
  custom:video-decoder-ogg-theora: a1e56fd34408186e4bbccfd4996cb3dc -> 
  custom:framework-win-MediaFoundation: 216162199b28c13a410421893ffa2e32 -> 
  custom:CustomObjectIndexerAttribute: 9a22284fe3817be447336de3de66b15e -> 
  custom:container-demuxer-webm: 4f35f7cbe854078d1ac9338744f61a02 -> 
  custom:container-muxer-webm: aa71ff27fc2769a1b78a27578f13a17b -> 
  custom:video-decoder-webm-vp8: 9c59270c3fd7afecdb556c50c9e8de78 -> 
  custom:SearchIndexIgnoredProperties: e643bd26f0fe6173181afceb89e7c659 -> 
  custom:AudioImporter_EditorPlatform: d09bf68614088b80899f8185d706f6e7 -> 
  custom:video-encoder-webm-vp8: eb34c28f22e8b96e1ab97ce403110664 -> 
  custom:audio-decoder-ogg-vorbis: bf7c407c2cedff20999df2af8eb42d56 -> 
  custom:audio-encoder-webm-vorbis: bf7c407c2cedff20999df2af8eb42d56 -> 
========================================================================
Received Import Request.
  Time since last request: 279387.598183 seconds.
  path: Assets/CarBehaviours/CarBehaviour.cs
  artifactKey: Guid(9ed68aee9af5d8b468bf863878060fbf) Importer(815301076,1909f56bfc062723c751e8b465ee728b)
Start importing Assets/CarBehaviours/CarBehaviour.cs using Guid(9ed68aee9af5d8b468bf863878060fbf) Importer(815301076,1909f56bfc062723c751e8b465ee728b)  -> (artifact id: '4627d39821e31f57e5189bf732b40901') in 0.001448 seconds
Number of updated asset objects reloaded before import = 0
Number of asset objects unloaded after import = 0
========================================================================
Received Import Request.
  Time since last request: 57.543841 seconds.
  path: Assets/Assets/Apartment.fbx
  artifactKey: Guid(633e9fd5fd1762a4694ba8b1207c7be5) Importer(815301076,1909f56bfc062723c751e8b465ee728b)
Start importing Assets/Assets/Apartment.fbx using Guid(633e9fd5fd1762a4694ba8b1207c7be5) Importer(815301076,1909f56bfc062723c751e8b465ee728b)  -> (artifact id: '85c474a4b220f2677cd0d11c977bdc68') in 0.221481 seconds
Number of updated asset objects reloaded before import = 0
Number of asset objects unloaded after import = 9
========================================================================
Received Import Request.
  Time since last request: 0.000036 seconds.
  path: Assets/Assets/Lamp_Post.fbx
  artifactKey: Guid(a9fe89f9aece8a0478797f0e455b12ff) Importer(815301076,1909f56bfc062723c751e8b465ee728b)
Start importing Assets/Assets/Lamp_Post.fbx using Guid(a9fe89f9aece8a0478797f0e455b12ff) Importer(815301076,1909f56bfc062723c751e8b465ee728b)  -> (artifact id: 'f72ced4f55880a2e4c28402d722e4112') in 0.039999 seconds
Number of updated asset objects reloaded before import = 0
Number of asset objects unloaded after import = 9
========================================================================
Received Import Request.
  Time since last request: 0.000041 seconds.
  path: Assets/Assets/Coffee_Shop.fbx
  artifactKey: Guid(14cdfc149d27d2241b320bdc97594227) Importer(815301076,1909f56bfc062723c751e8b465ee728b)
Start importing Assets/Assets/Coffee_Shop.fbx using Guid(14cdfc149d27d2241b320bdc97594227) Importer(815301076,1909f56bfc062723c751e8b465ee728b)  -> (artifact id: '719ea068c1ef3443cb7a1851d34def5e') in 0.034061 seconds
Number of updated asset objects reloaded before import = 0
Number of asset objects unloaded after import = 9
========================================================================
Received Import Request.
  Time since last request: 92005.368024 seconds.
  path: Assets/Assets/Car.prefab
  artifactKey: Guid(69745a0a667d8ca4483bcf1ab79c3acb) Importer(815301076,1909f56bfc062723c751e8b465ee728b)
Start importing Assets/Assets/Car.prefab using Guid(69745a0a667d8ca4483bcf1ab79c3acb) Importer(815301076,1909f56bfc062723c751e8b465ee728b)  -> (artifact id: '28b8189a9f0bdb0c524c082662e98e46') in 0.395615 seconds
Number of updated asset objects reloaded before import = 0
Number of asset objects unloaded after import = 4
========================================================================
Received Import Request.
  Time since last request: 49.903272 seconds.
  path: Assets/Assets/Car.prefab
  artifactKey: Guid(69745a0a667d8ca4483bcf1ab79c3acb) Importer(815301076,1909f56bfc062723c751e8b465ee728b)
Start importing Assets/Assets/Car.prefab using Guid(69745a0a667d8ca4483bcf1ab79c3acb) Importer(815301076,1909f56bfc062723c751e8b465ee728b)  -> (artifact id: '9aa0b9dcebf8cb9ec5366e54fdf518e2') in 0.007200 seconds
Number of updated asset objects reloaded before import = 0
Number of asset objects unloaded after import = 6
========================================================================
Received Import Request.
  Time since last request: 29.083434 seconds.
  path: Assets/Assets/Car.prefab
  artifactKey: Guid(69745a0a667d8ca4483bcf1ab79c3acb) Importer(815301076,1909f56bfc062723c751e8b465ee728b)
Start importing Assets/Assets/Car.prefab using Guid(69745a0a667d8ca4483bcf1ab79c3acb) Importer(815301076,1909f56bfc062723c751e8b465ee728b)  -> (artifact id: 'abcf6448a1b8002943e6857a4f8d427d') in 0.004087 seconds
Number of updated asset objects reloaded before import = 0
Number of asset objects unloaded after import = 6
========================================================================
Received Import Request.
  Time since last request: 153.915630 seconds.
  path: Assets/Assets/Car.prefab
  artifactKey: Guid(69745a0a667d8ca4483bcf1ab79c3acb) Importer(815301076,1909f56bfc062723c751e8b465ee728b)
Start importing Assets/Assets/Car.prefab using Guid(69745a0a667d8ca4483bcf1ab79c3acb) Importer(815301076,1909f56bfc062723c751e8b465ee728b)  -> (artifact id: '05b86f52bc8e81e1484b3423604c8e68') in 0.012713 seconds
Number of updated asset objects reloaded before import = 0
Number of asset objects unloaded after import = 7
========================================================================
Received Import Request.
  Time since last request: 2.042157 seconds.
  path: Assets/Assets/Car.prefab
  artifactKey: Guid(69745a0a667d8ca4483bcf1ab79c3acb) Importer(815301076,1909f56bfc062723c751e8b465ee728b)
Start importing Assets/Assets/Car.prefab using Guid(69745a0a667d8ca4483bcf1ab79c3acb) Importer(815301076,1909f56bfc062723c751e8b465ee728b)  -> (artifact id: '0bbfecf15225a56f906b6211da74dc4e') in 0.009559 seconds
Number of updated asset objects reloaded before import = 0
Number of asset objects unloaded after import = 8
========================================================================
Received Import Request.
  Time since last request: 3.605226 seconds.
  path: Assets/Assets/Car.prefab
  artifactKey: Guid(69745a0a667d8ca4483bcf1ab79c3acb) Importer(815301076,1909f56bfc062723c751e8b465ee728b)
Start importing Assets/Assets/Car.prefab using Guid(69745a0a667d8ca4483bcf1ab79c3acb) Importer(815301076,1909f56bfc062723c751e8b465ee728b)  -> (artifact id: 'fc35052e9c9195d4a4739d9d8ddadc6c') in 0.100986 seconds
Number of updated asset objects reloaded before import = 0
Number of asset objects unloaded after import = 9
========================================================================
Received Import Request.
  Time since last request: 32.491396 seconds.
  path: Assets/Assets/Car.prefab
  artifactKey: Guid(69745a0a667d8ca4483bcf1ab79c3acb) Importer(815301076,1909f56bfc062723c751e8b465ee728b)
Start importing Assets/Assets/Car.prefab using Guid(69745a0a667d8ca4483bcf1ab79c3acb) Importer(815301076,1909f56bfc062723c751e8b465ee728b)  -> (artifact id: '89d1c15ea56b4a3a830b53fa6966b8e7') in 0.033377 seconds
Number of updated asset objects reloaded before import = 0
Number of asset objects unloaded after import = 11
========================================================================
Received Import Request.
  Time since last request: 12.252846 seconds.
  path: Assets/Assets/Car.prefab
  artifactKey: Guid(69745a0a667d8ca4483bcf1ab79c3acb) Importer(815301076,1909f56bfc062723c751e8b465ee728b)
Start importing Assets/Assets/Car.prefab using Guid(69745a0a667d8ca4483bcf1ab79c3acb) Importer(815301076,1909f56bfc062723c751e8b465ee728b)  -> (artifact id: 'af59c009e423a1771f013f73c6047a88') in 0.032998 seconds
Number of updated asset objects reloaded before import = 0
Number of asset objects unloaded after import = 13
========================================================================
Received Import Request.
  Time since last request: 6.222894 seconds.
  path: Assets/Assets/Car.prefab
  artifactKey: Guid(69745a0a667d8ca4483bcf1ab79c3acb) Importer(815301076,1909f56bfc062723c751e8b465ee728b)
Start importing Assets/Assets/Car.prefab using Guid(69745a0a667d8ca4483bcf1ab79c3acb) Importer(815301076,1909f56bfc062723c751e8b465ee728b)  -> (artifact id: '67ef036b66ef5c9b9eaa5786e81b66c6') in 0.020527 seconds
Number of updated asset objects reloaded before import = 0
Number of asset objects unloaded after import = 13
========================================================================
Received Import Request.
  Time since last request: 1.375009 seconds.
  path: Assets/Assets/Car.prefab
  artifactKey: Guid(69745a0a667d8ca4483bcf1ab79c3acb) Importer(815301076,1909f56bfc062723c751e8b465ee728b)
Start importing Assets/Assets/Car.prefab using Guid(69745a0a667d8ca4483bcf1ab79c3acb) Importer(815301076,1909f56bfc062723c751e8b465ee728b)  -> (artifact id: '26d373aaea6ea8e26c07d24ac8c49ca7') in 0.013919 seconds
Number of updated asset objects reloaded before import = 0
Number of asset objects unloaded after import = 14
========================================================================
Received Import Request.
  Time since last request: 2.821776 seconds.
  path: Assets/Assets/Car.prefab
  artifactKey: Guid(69745a0a667d8ca4483bcf1ab79c3acb) Importer(815301076,1909f56bfc062723c751e8b465ee728b)
Start importing Assets/Assets/Car.prefab using Guid(69745a0a667d8ca4483bcf1ab79c3acb) Importer(815301076,1909f56bfc062723c751e8b465ee728b)  -> (artifact id: '1bfab4232eb7bb06bf35eea1066a8d40') in 0.011340 seconds
Number of updated asset objects reloaded before import = 0
Number of asset objects unloaded after import = 15
========================================================================
Received Import Request.
  Time since last request: 7.632350 seconds.
  path: Assets/Assets/Car.prefab
  artifactKey: Guid(69745a0a667d8ca4483bcf1ab79c3acb) Importer(815301076,1909f56bfc062723c751e8b465ee728b)
Start importing Assets/Assets/Car.prefab using Guid(69745a0a667d8ca4483bcf1ab79c3acb) Importer(815301076,1909f56bfc062723c751e8b465ee728b)  -> (artifact id: '4a5c6e220a620721c2788a9746f07312') in 0.020596 seconds
Number of updated asset objects reloaded before import = 0
Number of asset objects unloaded after import = 16
========================================================================
Received Import Request.
  Time since last request: 10.691141 seconds.
  path: Assets/Assets/Car.prefab
  artifactKey: Guid(69745a0a667d8ca4483bcf1ab79c3acb) Importer(815301076,1909f56bfc062723c751e8b465ee728b)
Start importing Assets/Assets/Car.prefab using Guid(69745a0a667d8ca4483bcf1ab79c3acb) Importer(815301076,1909f56bfc062723c751e8b465ee728b)  -> (artifact id: '95623171fbd537f71280c656c6e30c42') in 0.015777 seconds
Number of updated asset objects reloaded before import = 0
Number of asset objects unloaded after import = 16
========================================================================
Received Import Request.
  Time since last request: 4.632483 seconds.
  path: Assets/Assets/Car.prefab
  artifactKey: Guid(69745a0a667d8ca4483bcf1ab79c3acb) Importer(815301076,1909f56bfc062723c751e8b465ee728b)
Start importing Assets/Assets/Car.prefab using Guid(69745a0a667d8ca4483bcf1ab79c3acb) Importer(815301076,1909f56bfc062723c751e8b465ee728b)  -> (artifact id: '5af99d832a2ed01e6cf023c501f509f4') in 0.018185 seconds
Number of updated asset objects reloaded before import = 0
Number of asset objects unloaded after import = 16
========================================================================
Received Import Request.
  Time since last request: 16.532468 seconds.
  path: Assets/Assets/Car.prefab
  artifactKey: Guid(69745a0a667d8ca4483bcf1ab79c3acb) Importer(815301076,1909f56bfc062723c751e8b465ee728b)
Start importing Assets/Assets/Car.prefab using Guid(69745a0a667d8ca4483bcf1ab79c3acb) Importer(815301076,1909f56bfc062723c751e8b465ee728b)  -> (artifact id: 'f4761a5ba8030391c7f2e24ef8c09178') in 0.015616 seconds
Number of updated asset objects reloaded before import = 0
Number of asset objects unloaded after import = 16
========================================================================
Received Import Request.
  Time since last request: 3.001959 seconds.
  path: Assets/Assets/Car.prefab
  artifactKey: Guid(69745a0a667d8ca4483bcf1ab79c3acb) Importer(815301076,1909f56bfc062723c751e8b465ee728b)
Start importing Assets/Assets/Car.prefab using Guid(69745a0a667d8ca4483bcf1ab79c3acb) Importer(815301076,1909f56bfc062723c751e8b465ee728b)  -> (artifact id: '70396051017944a9df0417295668cc4f') in 0.018229 seconds
Number of updated asset objects reloaded before import = 0
Number of asset objects unloaded after import = 16
========================================================================
Received Import Request.
  Time since last request: 4.422821 seconds.
  path: Assets/Assets/Car.prefab
  artifactKey: Guid(69745a0a667d8ca4483bcf1ab79c3acb) Importer(815301076,1909f56bfc062723c751e8b465ee728b)
Start importing Assets/Assets/Car.prefab using Guid(69745a0a667d8ca4483bcf1ab79c3acb) Importer(815301076,1909f56bfc062723c751e8b465ee728b)  -> (artifact id: 'f79e93b09897489c520bff0d22cf4b29') in 0.014469 seconds
Number of updated asset objects reloaded before import = 0
Number of asset objects unloaded after import = 16
========================================================================
Received Import Request.
  Time since last request: 25.637325 seconds.
  path: Assets/Assets/Car.prefab
  artifactKey: Guid(69745a0a667d8ca4483bcf1ab79c3acb) Importer(815301076,1909f56bfc062723c751e8b465ee728b)
Start importing Assets/Assets/Car.prefab using Guid(69745a0a667d8ca4483bcf1ab79c3acb) Importer(815301076,1909f56bfc062723c751e8b465ee728b)  -> (artifact id: '12df894bfb65dfc2d8279be1633f2463') in 0.016623 seconds
Number of updated asset objects reloaded before import = 0
Number of asset objects unloaded after import = 16
========================================================================
Received Import Request.
  Time since last request: 2.213554 seconds.
  path: Assets/Assets/Car.prefab
  artifactKey: Guid(69745a0a667d8ca4483bcf1ab79c3acb) Importer(815301076,1909f56bfc062723c751e8b465ee728b)
Start importing Assets/Assets/Car.prefab using Guid(69745a0a667d8ca4483bcf1ab79c3acb) Importer(815301076,1909f56bfc062723c751e8b465ee728b)  -> (artifact id: '478625ec62856c740681085872b35bde') in 0.014520 seconds
Number of updated asset objects reloaded before import = 0
Number of asset objects unloaded after import = 16
========================================================================
Received Import Request.
  Time since last request: 4.019073 seconds.
  path: Assets/Assets/Car.prefab
  artifactKey: Guid(69745a0a667d8ca4483bcf1ab79c3acb) Importer(815301076,1909f56bfc062723c751e8b465ee728b)
Start importing Assets/Assets/Car.prefab using Guid(69745a0a667d8ca4483bcf1ab79c3acb) Importer(815301076,1909f56bfc062723c751e8b465ee728b)  -> (artifact id: 'a748c9d3fe88c60efdfc628e3f0943dd') in 0.012841 seconds
Number of updated asset objects reloaded before import = 0
Number of asset objects unloaded after import = 16
========================================================================
Received Import Request.
  Time since last request: 3.624521 seconds.
  path: Assets/Assets/Car.prefab
  artifactKey: Guid(69745a0a667d8ca4483bcf1ab79c3acb) Importer(815301076,1909f56bfc062723c751e8b465ee728b)
Start importing Assets/Assets/Car.prefab using Guid(69745a0a667d8ca4483bcf1ab79c3acb) Importer(815301076,1909f56bfc062723c751e8b465ee728b)  -> (artifact id: '0bebc9f5205d896fa3ebfa7c26345258') in 0.123662 seconds
Number of updated asset objects reloaded before import = 0
Number of asset objects unloaded after import = 16
========================================================================
Received Import Request.
  Time since last request: 2.093986 seconds.
  path: Assets/Assets/Car.prefab
  artifactKey: Guid(69745a0a667d8ca4483bcf1ab79c3acb) Importer(815301076,1909f56bfc062723c751e8b465ee728b)
Start importing Assets/Assets/Car.prefab using Guid(69745a0a667d8ca4483bcf1ab79c3acb) Importer(815301076,1909f56bfc062723c751e8b465ee728b)  -> (artifact id: '7d5844f76bf1e5436d68bba391fec72d') in 0.014578 seconds
Number of updated asset objects reloaded before import = 0
Number of asset objects unloaded after import = 16
========================================================================
Received Import Request.
  Time since last request: 2.806610 seconds.
  path: Assets/Assets/Car.prefab
  artifactKey: Guid(69745a0a667d8ca4483bcf1ab79c3acb) Importer(815301076,1909f56bfc062723c751e8b465ee728b)
Start importing Assets/Assets/Car.prefab using Guid(69745a0a667d8ca4483bcf1ab79c3acb) Importer(815301076,1909f56bfc062723c751e8b465ee728b)  -> (artifact id: 'da9d84a9d9cd5b89248d825f532f36f7') in 0.014857 seconds
Number of updated asset objects reloaded before import = 0
Number of asset objects unloaded after import = 20
========================================================================
Received Import Request.
  Time since last request: 4.617785 seconds.
  path: Assets/Assets/Car.prefab
  artifactKey: Guid(69745a0a667d8ca4483bcf1ab79c3acb) Importer(815301076,1909f56bfc062723c751e8b465ee728b)
Start importing Assets/Assets/Car.prefab using Guid(69745a0a667d8ca4483bcf1ab79c3acb) Importer(815301076,1909f56bfc062723c751e8b465ee728b)  -> (artifact id: '3584f8ed2120da0cc11226da5221106b') in 0.015244 seconds
Number of updated asset objects reloaded before import = 0
Number of asset objects unloaded after import = 20
========================================================================
Received Import Request.
  Time since last request: 11.682614 seconds.
  path: Assets/Assets/Car.prefab
  artifactKey: Guid(69745a0a667d8ca4483bcf1ab79c3acb) Importer(815301076,1909f56bfc062723c751e8b465ee728b)
Start importing Assets/Assets/Car.prefab using Guid(69745a0a667d8ca4483bcf1ab79c3acb) Importer(815301076,1909f56bfc062723c751e8b465ee728b)  -> (artifact id: '1b2a1b9c52d506e56adbb23aa2196a24') in 0.014154 seconds
Number of updated asset objects reloaded before import = 0
Number of asset objects unloaded after import = 20
========================================================================
Received Import Request.
  Time since last request: 1.393299 seconds.
  path: Assets/Assets/Car.prefab
  artifactKey: Guid(69745a0a667d8ca4483bcf1ab79c3acb) Importer(815301076,1909f56bfc062723c751e8b465ee728b)
Start importing Assets/Assets/Car.prefab using Guid(69745a0a667d8ca4483bcf1ab79c3acb) Importer(815301076,1909f56bfc062723c751e8b465ee728b)  -> (artifact id: 'd01e878d759617d7ccf251252838ac8e') in 0.012144 seconds
Number of updated asset objects reloaded before import = 0
Number of asset objects unloaded after import = 24
========================================================================
Received Import Request.
  Time since last request: 3.626271 seconds.
  path: Assets/Assets/Car.prefab
  artifactKey: Guid(69745a0a667d8ca4483bcf1ab79c3acb) Importer(815301076,1909f56bfc062723c751e8b465ee728b)
Start importing Assets/Assets/Car.prefab using Guid(69745a0a667d8ca4483bcf1ab79c3acb) Importer(815301076,1909f56bfc062723c751e8b465ee728b)  -> (artifact id: '3e43d98264ba80be9731b718d30793c8') in 0.014778 seconds
Number of updated asset objects reloaded before import = 0
Number of asset objects unloaded after import = 24
========================================================================
Received Import Request.
  Time since last request: 2.809096 seconds.
  path: Assets/Assets/Car.prefab
  artifactKey: Guid(69745a0a667d8ca4483bcf1ab79c3acb) Importer(815301076,1909f56bfc062723c751e8b465ee728b)
Start importing Assets/Assets/Car.prefab using Guid(69745a0a667d8ca4483bcf1ab79c3acb) Importer(815301076,1909f56bfc062723c751e8b465ee728b)  -> (artifact id: '528e64d81bc14212c078af0a90bd3c9c') in 0.015113 seconds
Number of updated asset objects reloaded before import = 0
Number of asset objects unloaded after import = 28
========================================================================
Received Import Request.
  Time since last request: 3.019773 seconds.
  path: Assets/Assets/Car.prefab
  artifactKey: Guid(69745a0a667d8ca4483bcf1ab79c3acb) Importer(815301076,1909f56bfc062723c751e8b465ee728b)
Start importing Assets/Assets/Car.prefab using Guid(69745a0a667d8ca4483bcf1ab79c3acb) Importer(815301076,1909f56bfc062723c751e8b465ee728b)  -> (artifact id: '59d97fc3ad2e4449220347d588d27d73') in 0.015955 seconds
Number of updated asset objects reloaded before import = 0
Number of asset objects unloaded after import = 28
========================================================================
Received Import Request.
  Time since last request: 17.532728 seconds.
  path: Assets/Assets/Car.prefab
  artifactKey: Guid(69745a0a667d8ca4483bcf1ab79c3acb) Importer(815301076,1909f56bfc062723c751e8b465ee728b)
Start importing Assets/Assets/Car.prefab using Guid(69745a0a667d8ca4483bcf1ab79c3acb) Importer(815301076,1909f56bfc062723c751e8b465ee728b)  -> (artifact id: 'ae516ee60fe2a3f48ff10ecbb34ae95c') in 0.016109 seconds
Number of updated asset objects reloaded before import = 0
Number of asset objects unloaded after import = 28
========================================================================
Received Import Request.
  Time since last request: 6.028177 seconds.
  path: Assets/Assets/Car.prefab
  artifactKey: Guid(69745a0a667d8ca4483bcf1ab79c3acb) Importer(815301076,1909f56bfc062723c751e8b465ee728b)
Start importing Assets/Assets/Car.prefab using Guid(69745a0a667d8ca4483bcf1ab79c3acb) Importer(815301076,1909f56bfc062723c751e8b465ee728b)  -> (artifact id: '1df9688f2dfc0e4124a1790b3d54c4c1') in 0.014684 seconds
Number of updated asset objects reloaded before import = 0
Number of asset objects unloaded after import = 28
========================================================================
Received Import Request.
  Time since last request: 7.268763 seconds.
  path: Assets/Assets/Car.prefab
  artifactKey: Guid(69745a0a667d8ca4483bcf1ab79c3acb) Importer(815301076,1909f56bfc062723c751e8b465ee728b)
Start importing Assets/Assets/Car.prefab using Guid(69745a0a667d8ca4483bcf1ab79c3acb) Importer(815301076,1909f56bfc062723c751e8b465ee728b)  -> (artifact id: 'd01c10302d5ba036da998004d6960916') in 0.014043 seconds
Number of updated asset objects reloaded before import = 0
Number of asset objects unloaded after import = 28
========================================================================
Received Import Request.
  Time since last request: 3.622964 seconds.
  path: Assets/Assets/Car.prefab
  artifactKey: Guid(69745a0a667d8ca4483bcf1ab79c3acb) Importer(815301076,1909f56bfc062723c751e8b465ee728b)
Start importing Assets/Assets/Car.prefab using Guid(69745a0a667d8ca4483bcf1ab79c3acb) Importer(815301076,1909f56bfc062723c751e8b465ee728b)  -> (artifact id: '1ae46e2a29ae02cc1deb4df3ab46835c') in 0.012439 seconds
Number of updated asset objects reloaded before import = 0
Number of asset objects unloaded after import = 28
========================================================================
Received Import Request.
  Time since last request: 4.427771 seconds.
  path: Assets/Assets/Car.prefab
  artifactKey: Guid(69745a0a667d8ca4483bcf1ab79c3acb) Importer(815301076,1909f56bfc062723c751e8b465ee728b)
Start importing Assets/Assets/Car.prefab using Guid(69745a0a667d8ca4483bcf1ab79c3acb) Importer(815301076,1909f56bfc062723c751e8b465ee728b)  -> (artifact id: '1ea912e6f744e7846abcc9144c8fc44f') in 0.015913 seconds
Number of updated asset objects reloaded before import = 0
Number of asset objects unloaded after import = 28
========================================================================
Received Import Request.
  Time since last request: 10.501408 seconds.
  path: Assets/Assets/Car.prefab
  artifactKey: Guid(69745a0a667d8ca4483bcf1ab79c3acb) Importer(815301076,1909f56bfc062723c751e8b465ee728b)
Start importing Assets/Assets/Car.prefab using Guid(69745a0a667d8ca4483bcf1ab79c3acb) Importer(815301076,1909f56bfc062723c751e8b465ee728b)  -> (artifact id: '463dae228dbe2b3554d5108670bca2e9') in 0.013754 seconds
Number of updated asset objects reloaded before import = 0
Number of asset objects unloaded after import = 28
========================================================================
Received Import Request.
  Time since last request: 25.853791 seconds.
  path: Assets/Assets/Car.prefab
  artifactKey: Guid(69745a0a667d8ca4483bcf1ab79c3acb) Importer(815301076,1909f56bfc062723c751e8b465ee728b)
Start importing Assets/Assets/Car.prefab using Guid(69745a0a667d8ca4483bcf1ab79c3acb) Importer(815301076,1909f56bfc062723c751e8b465ee728b)  -> (artifact id: '5b45664c8baf8c89bdf3c99e57e73f90') in 0.030317 seconds
Number of updated asset objects reloaded before import = 0
Number of asset objects unloaded after import = 29
========================================================================
Received Import Request.
  Time since last request: 47.971123 seconds.
  path: Assets/Assets/Car.prefab
  artifactKey: Guid(69745a0a667d8ca4483bcf1ab79c3acb) Importer(815301076,1909f56bfc062723c751e8b465ee728b)
Start importing Assets/Assets/Car.prefab using Guid(69745a0a667d8ca4483bcf1ab79c3acb) Importer(815301076,1909f56bfc062723c751e8b465ee728b)  -> (artifact id: '06c485514f9c17536fdd6900388ea202') in 0.017778 seconds
Number of updated asset objects reloaded before import = 0
Number of asset objects unloaded after import = 29
========================================================================
Received Prepare
Begin MonoManager ReloadAssembly
- Loaded All Assemblies, in  1.741 seconds
Refreshing native plugins compatible for Editor in 4.04 ms, found 3 plugins.
Native extension for WindowsStandalone target not found
Native extension for WebGL target not found
[Package Manager] Server::EnsureServerProcessIsRunning -- launch failed, reason: Unity was launched with the -noUpm command-line argument
[Package Manager] UpmClient::Send -- Unable to send message (not connected to UPM process).
[Package Manager] Cannot connect to Unity Package Manager local server
Mono: successfully reloaded assembly
- Finished resetting the current domain, in  2.292 seconds
Domain Reload Profiling: 4028ms
	BeginReloadAssembly (776ms)
		ExecutionOrderSort (0ms)
		DisableScriptedObjects (28ms)
		BackupInstance (0ms)
		ReleaseScriptingObjects (1ms)
		CreateAndSetChildDomain (384ms)
	RebuildCommonClasses (54ms)
	RebuildNativeTypeToScriptingClass (15ms)
	initialDomainReloadingComplete (64ms)
	LoadAllAssembliesAndSetupDomain (827ms)
		LoadAssemblies (1029ms)
		RebuildTransferFunctionScriptingTraits (0ms)
		AnalyzeDomain (38ms)
			TypeCache.Refresh (23ms)
				TypeCache.ScanAssembly (0ms)
			ScanForSourceGeneratedMonoScriptInfo (1ms)
			ResolveRequiredComponents (13ms)
	FinalizeReload (2292ms)
		ReleaseScriptCaches (0ms)
		RebuildScriptCaches (0ms)
		SetupLoadedEditorAssemblies (371ms)
			LogAssemblyErrors (0ms)
			InitializePlatformSupportModulesInManaged (7ms)
			SetLoadedEditorAssemblies (5ms)
			RefreshPlugins (0ms)
			BeforeProcessingInitializeOnLoad (46ms)
			ProcessInitializeOnLoadAttributes (287ms)
			ProcessInitializeOnLoadMethodAttributes (21ms)
			AfterProcessingInitializeOnLoad (4ms)
			EditorAssembliesLoaded (1ms)
		ExecutionOrderSort2 (0ms)
		AwakeInstancesAfterBackupRestoration (5ms)
Refreshing native plugins compatible for Editor in 2.08 ms, found 3 plugins.
Preloading 0 native plugins for Editor in 0.00 ms.
Unloading 3089 Unused Serialized files (Serialized files now loaded: 0)
Unloading 23 unused Assets / (31.1 KB). Loaded Objects now: 3605.
Memory consumption went from 126.8 MB to 126.8 MB.
Total: 6.248900 ms (FindLiveObjects: 0.474400 ms CreateObjectMapping: 0.216900 ms MarkObjects: 5.498800 ms  DeleteObjects: 0.056800 ms)

Prepare: number of updated asset objects reloaded= 0
AssetImportParameters requested are different than current active one (requested -> active):
  custom:container-demuxer-ogg: 62fdf1f143b41e24485cea50d1cbac27 -> 
  custom:video-codec-MediaFoundation-h265: 746d11721c4dcdbdad8f713fa42b33f4 -> 
  custom:video-decoder-ogg-theora: a1e56fd34408186e4bbccfd4996cb3dc -> 
  custom:framework-win-MediaFoundation: 216162199b28c13a410421893ffa2e32 -> 
  custom:CustomObjectIndexerAttribute: 9a22284fe3817be447336de3de66b15e -> 
  custom:container-demuxer-webm: 4f35f7cbe854078d1ac9338744f61a02 -> 
  custom:container-muxer-webm: aa71ff27fc2769a1b78a27578f13a17b -> 
  custom:video-decoder-webm-vp8: 9c59270c3fd7afecdb556c50c9e8de78 -> 
  custom:SearchIndexIgnoredProperties: e643bd26f0fe6173181afceb89e7c659 -> 
  custom:AudioImporter_EditorPlatform: d09bf68614088b80899f8185d706f6e7 -> 
  custom:video-encoder-webm-vp8: eb34c28f22e8b96e1ab97ce403110664 -> 
  custom:audio-decoder-ogg-vorbis: bf7c407c2cedff20999df2af8eb42d56 -> 
  custom:audio-encoder-webm-vorbis: bf7c407c2cedff20999df2af8eb42d56 -> 
========================================================================
Received Import Request.
  Time since last request: 130.367047 seconds.
  path: Assets/Assets/Car.prefab
  artifactKey: Guid(69745a0a667d8ca4483bcf1ab79c3acb) Importer(815301076,1909f56bfc062723c751e8b465ee728b)
Start importing Assets/Assets/Car.prefab using Guid(69745a0a667d8ca4483bcf1ab79c3acb) Importer(815301076,1909f56bfc062723c751e8b465ee728b)  -> (artifact id: '9e815bbbdea74771d77ee48b1be81504') in 0.091027 seconds
Number of updated asset objects reloaded before import = 0
Number of asset objects unloaded after import = 30
========================================================================
Received Import Request.
  Time since last request: 11.142447 seconds.
  path: Assets/Assets/Car.prefab
  artifactKey: Guid(69745a0a667d8ca4483bcf1ab79c3acb) Importer(815301076,1909f56bfc062723c751e8b465ee728b)
Start importing Assets/Assets/Car.prefab using Guid(69745a0a667d8ca4483bcf1ab79c3acb) Importer(815301076,1909f56bfc062723c751e8b465ee728b)  -> (artifact id: '0b328696ad46d1537e2bc89227d2f65a') in 0.010551 seconds
Number of updated asset objects reloaded before import = 0
Number of asset objects unloaded after import = 31
========================================================================
Received Prepare
Begin MonoManager ReloadAssembly
- Loaded All Assemblies, in  0.602 seconds
Refreshing native plugins compatible for Editor in 5.82 ms, found 3 plugins.
Native extension for WindowsStandalone target not found
Native extension for WebGL target not found
[Package Manager] Server::EnsureServerProcessIsRunning -- launch failed, reason: Unity was launched with the -noUpm command-line argument
[Package Manager] UpmClient::Send -- Unable to send message (not connected to UPM process).
[Package Manager] Cannot connect to Unity Package Manager local server
Mono: successfully reloaded assembly
- Finished resetting the current domain, in  1.703 seconds
Domain Reload Profiling: 2303ms
	BeginReloadAssembly (141ms)
		ExecutionOrderSort (0ms)
		DisableScriptedObjects (3ms)
		BackupInstance (0ms)
		ReleaseScriptingObjects (0ms)
		CreateAndSetChildDomain (31ms)
	RebuildCommonClasses (39ms)
	RebuildNativeTypeToScriptingClass (10ms)
	initialDomainReloadingComplete (22ms)
	LoadAllAssembliesAndSetupDomain (387ms)
		LoadAssemblies (446ms)
		RebuildTransferFunctionScriptingTraits (0ms)
		AnalyzeDomain (21ms)
			TypeCache.Refresh (9ms)
				TypeCache.ScanAssembly (0ms)
			ScanForSourceGeneratedMonoScriptInfo (0ms)
			ResolveRequiredComponents (10ms)
	FinalizeReload (1704ms)
		ReleaseScriptCaches (0ms)
		RebuildScriptCaches (0ms)
		SetupLoadedEditorAssemblies (718ms)
			LogAssemblyErrors (0ms)
			InitializePlatformSupportModulesInManaged (13ms)
			SetLoadedEditorAssemblies (9ms)
			RefreshPlugins (0ms)
			BeforeProcessingInitializeOnLoad (98ms)
			ProcessInitializeOnLoadAttributes (545ms)
			ProcessInitializeOnLoadMethodAttributes (44ms)
			AfterProcessingInitializeOnLoad (9ms)
			EditorAssembliesLoaded (0ms)
		ExecutionOrderSort2 (0ms)
		AwakeInstancesAfterBackupRestoration (11ms)
Refreshing native plugins compatible for Editor in 2.45 ms, found 3 plugins.
Preloading 0 native plugins for Editor in 0.00 ms.
Unloading 3089 Unused Serialized files (Serialized files now loaded: 0)
Unloading 23 unused Assets / (31.1 KB). Loaded Objects now: 3608.
Memory consumption went from 128.7 MB to 128.7 MB.
Total: 4.749600 ms (FindLiveObjects: 0.257900 ms CreateObjectMapping: 0.169400 ms MarkObjects: 4.231500 ms  DeleteObjects: 0.089500 ms)

Prepare: number of updated asset objects reloaded= 0
AssetImportParameters requested are different than current active one (requested -> active):
  custom:container-demuxer-ogg: 62fdf1f143b41e24485cea50d1cbac27 -> 
  custom:video-codec-MediaFoundation-h265: 746d11721c4dcdbdad8f713fa42b33f4 -> 
  custom:video-decoder-ogg-theora: a1e56fd34408186e4bbccfd4996cb3dc -> 
  custom:framework-win-MediaFoundation: 216162199b28c13a410421893ffa2e32 -> 
  custom:CustomObjectIndexerAttribute: 9a22284fe3817be447336de3de66b15e -> 
  custom:container-demuxer-webm: 4f35f7cbe854078d1ac9338744f61a02 -> 
  custom:container-muxer-webm: aa71ff27fc2769a1b78a27578f13a17b -> 
  custom:video-decoder-webm-vp8: 9c59270c3fd7afecdb556c50c9e8de78 -> 
  custom:SearchIndexIgnoredProperties: e643bd26f0fe6173181afceb89e7c659 -> 
  custom:AudioImporter_EditorPlatform: d09bf68614088b80899f8185d706f6e7 -> 
  custom:video-encoder-webm-vp8: eb34c28f22e8b96e1ab97ce403110664 -> 
  custom:audio-decoder-ogg-vorbis: bf7c407c2cedff20999df2af8eb42d56 -> 
  custom:audio-encoder-webm-vorbis: bf7c407c2cedff20999df2af8eb42d56 -> 
========================================================================
Received Prepare
Begin MonoManager ReloadAssembly
- Loaded All Assemblies, in  0.416 seconds
Refreshing native plugins compatible for Editor in 3.23 ms, found 3 plugins.
Native extension for WindowsStandalone target not found
Native extension for WebGL target not found
[Package Manager] Server::EnsureServerProcessIsRunning -- launch failed, reason: Unity was launched with the -noUpm command-line argument
[Package Manager] UpmClient::Send -- Unable to send message (not connected to UPM process).
[Package Manager] Cannot connect to Unity Package Manager local server
Mono: successfully reloaded assembly
- Finished resetting the current domain, in  2.206 seconds
Domain Reload Profiling: 2618ms
	BeginReloadAssembly (141ms)
		ExecutionOrderSort (0ms)
		DisableScriptedObjects (5ms)
		BackupInstance (0ms)
		ReleaseScriptingObjects (0ms)
		CreateAndSetChildDomain (31ms)
	RebuildCommonClasses (29ms)
	RebuildNativeTypeToScriptingClass (10ms)
	initialDomainReloadingComplete (25ms)
	LoadAllAssembliesAndSetupDomain (206ms)
		LoadAssemblies (268ms)
		RebuildTransferFunctionScriptingTraits (0ms)
		AnalyzeDomain (16ms)
			TypeCache.Refresh (8ms)
				TypeCache.ScanAssembly (0ms)
			ScanForSourceGeneratedMonoScriptInfo (0ms)
			ResolveRequiredComponents (6ms)
	FinalizeReload (2207ms)
		ReleaseScriptCaches (0ms)
		RebuildScriptCaches (0ms)
		SetupLoadedEditorAssemblies (706ms)
			LogAssemblyErrors (0ms)
			InitializePlatformSupportModulesInManaged (11ms)
			SetLoadedEditorAssemblies (7ms)
			RefreshPlugins (0ms)
			BeforeProcessingInitializeOnLoad (81ms)
			ProcessInitializeOnLoadAttributes (552ms)
			ProcessInitializeOnLoadMethodAttributes (45ms)
			AfterProcessingInitializeOnLoad (9ms)
			EditorAssembliesLoaded (0ms)
		ExecutionOrderSort2 (0ms)
		AwakeInstancesAfterBackupRestoration (8ms)
Refreshing native plugins compatible for Editor in 3.27 ms, found 3 plugins.
Preloading 0 native plugins for Editor in 0.00 ms.
Unloading 3090 Unused Serialized files (Serialized files now loaded: 0)
Unloading 23 unused Assets / (31.1 KB). Loaded Objects now: 3611.
Memory consumption went from 130.9 MB to 130.9 MB.
Total: 3.323700 ms (FindLiveObjects: 0.311900 ms CreateObjectMapping: 0.067300 ms MarkObjects: 2.879900 ms  DeleteObjects: 0.063400 ms)

Prepare: number of updated asset objects reloaded= 0
AssetImportParameters requested are different than current active one (requested -> active):
  custom:container-demuxer-ogg: 62fdf1f143b41e24485cea50d1cbac27 -> 
  custom:video-codec-MediaFoundation-h265: 746d11721c4dcdbdad8f713fa42b33f4 -> 
  custom:video-decoder-ogg-theora: a1e56fd34408186e4bbccfd4996cb3dc -> 
  custom:framework-win-MediaFoundation: 216162199b28c13a410421893ffa2e32 -> 
  custom:CustomObjectIndexerAttribute: 9a22284fe3817be447336de3de66b15e -> 
  custom:container-demuxer-webm: 4f35f7cbe854078d1ac9338744f61a02 -> 
  custom:container-muxer-webm: aa71ff27fc2769a1b78a27578f13a17b -> 
  custom:video-decoder-webm-vp8: 9c59270c3fd7afecdb556c50c9e8de78 -> 
  custom:SearchIndexIgnoredProperties: e643bd26f0fe6173181afceb89e7c659 -> 
  custom:AudioImporter_EditorPlatform: d09bf68614088b80899f8185d706f6e7 -> 
  custom:video-encoder-webm-vp8: eb34c28f22e8b96e1ab97ce403110664 -> 
  custom:audio-decoder-ogg-vorbis: bf7c407c2cedff20999df2af8eb42d56 -> 
  custom:audio-encoder-webm-vorbis: bf7c407c2cedff20999df2af8eb42d56 -> 
========================================================================
Received Prepare
Begin MonoManager ReloadAssembly
- Loaded All Assemblies, in  0.385 seconds
Refreshing native plugins compatible for Editor in 2.26 ms, found 3 plugins.
Native extension for WindowsStandalone target not found
Native extension for WebGL target not found
[Package Manager] Server::EnsureServerProcessIsRunning -- launch failed, reason: Unity was launched with the -noUpm command-line argument
[Package Manager] UpmClient::Send -- Unable to send message (not connected to UPM process).
[Package Manager] Cannot connect to Unity Package Manager local server
Mono: successfully reloaded assembly
- Finished resetting the current domain, in  1.479 seconds
Domain Reload Profiling: 1863ms
	BeginReloadAssembly (146ms)
		ExecutionOrderSort (0ms)
		DisableScriptedObjects (3ms)
		BackupInstance (0ms)
		ReleaseScriptingObjects (0ms)
		CreateAndSetChildDomain (36ms)
	RebuildCommonClasses (27ms)
	RebuildNativeTypeToScriptingClass (13ms)
	initialDomainReloadingComplete (25ms)
	LoadAllAssembliesAndSetupDomain (172ms)
		LoadAssemblies (238ms)
		RebuildTransferFunctionScriptingTraits (0ms)
		AnalyzeDomain (11ms)
			TypeCache.Refresh (5ms)
				TypeCache.ScanAssembly (0ms)
			ScanForSourceGeneratedMonoScriptInfo (0ms)
			ResolveRequiredComponents (4ms)
	FinalizeReload (1480ms)
		ReleaseScriptCaches (0ms)
		RebuildScriptCaches (0ms)
		SetupLoadedEditorAssemblies (761ms)
			LogAssemblyErrors (0ms)
			InitializePlatformSupportModulesInManaged (13ms)
			SetLoadedEditorAssemblies (8ms)
			RefreshPlugins (0ms)
			BeforeProcessingInitializeOnLoad (92ms)
			ProcessInitializeOnLoadAttributes (593ms)
			ProcessInitializeOnLoadMethodAttributes (45ms)
			AfterProcessingInitializeOnLoad (10ms)
			EditorAssembliesLoaded (0ms)
		ExecutionOrderSort2 (0ms)
		AwakeInstancesAfterBackupRestoration (12ms)
Refreshing native plugins compatible for Editor in 3.07 ms, found 3 plugins.
Preloading 0 native plugins for Editor in 0.00 ms.
Unloading 3090 Unused Serialized files (Serialized files now loaded: 0)
Unloading 23 unused Assets / (31.1 KB). Loaded Objects now: 3614.
Memory consumption went from 132.9 MB to 132.8 MB.
Total: 3.672100 ms (FindLiveObjects: 0.429800 ms CreateObjectMapping: 0.114700 ms MarkObjects: 3.057300 ms  DeleteObjects: 0.067300 ms)

Prepare: number of updated asset objects reloaded= 0
AssetImportParameters requested are different than current active one (requested -> active):
  custom:container-demuxer-ogg: 62fdf1f143b41e24485cea50d1cbac27 -> 
  custom:video-codec-MediaFoundation-h265: 746d11721c4dcdbdad8f713fa42b33f4 -> 
  custom:video-decoder-ogg-theora: a1e56fd34408186e4bbccfd4996cb3dc -> 
  custom:framework-win-MediaFoundation: 216162199b28c13a410421893ffa2e32 -> 
  custom:CustomObjectIndexerAttribute: 9a22284fe3817be447336de3de66b15e -> 
  custom:container-demuxer-webm: 4f35f7cbe854078d1ac9338744f61a02 -> 
  custom:container-muxer-webm: aa71ff27fc2769a1b78a27578f13a17b -> 
  custom:video-decoder-webm-vp8: 9c59270c3fd7afecdb556c50c9e8de78 -> 
  custom:SearchIndexIgnoredProperties: e643bd26f0fe6173181afceb89e7c659 -> 
  custom:AudioImporter_EditorPlatform: d09bf68614088b80899f8185d706f6e7 -> 
  custom:video-encoder-webm-vp8: eb34c28f22e8b96e1ab97ce403110664 -> 
  custom:audio-decoder-ogg-vorbis: bf7c407c2cedff20999df2af8eb42d56 -> 
  custom:audio-encoder-webm-vorbis: bf7c407c2cedff20999df2af8eb42d56 -> 
